#
# A fatal error has been detected by the Java Runtime Environment:
#
#  SIGSEGV (0xb) at pc=0x00000001010c0cc9, pid=1568, tid=76295
#
# JRE version: 7.0_11-b21
# Java VM: Java HotSpot(TM) 64-Bit Server VM (23.6-b04 mixed mode bsd-amd64 compressed oops)
# Problematic frame:
# V  [libjvm.dylib+0x394cc9]
#
# Failed to write core dump. Core dumps have been disabled. To enable core dumping, try "ulimit -c unlimited" before starting Java again
#
# If you would like to submit a bug report, please visit:
#   http://bugreport.sun.com/bugreport/crash.jsp
#

---------------  T H R E A D  ---------------

Current thread is native thread

siginfo:si_signo=SIGSEGV: si_errno=0, si_code=1 (SEGV_MAPERR), si_addr=0x0000000000000158

Registers:
RAX=0x0000000000000000, RBX=0x0000000000000000, RCX=0x000000010145bb68, RDX=0x00007ff75fa9ab01
RSP=0x000000016e19cdc0, RBP=0x000000016e19cde0, RSI=0x0000000000000000, RDI=0x00007ff75c8039b0
R8 =0x00000000000000a0, R9 =0x0000000000000000, R10=0x00007ff75eb55400, R11=0x0000000100fcf07f
R12=0x00007ff75f9de9a0, R13=0x00007ff75f9fc010, R14=0x00007ff75c8039b0, R15=0x0000000000000001
RIP=0x00000001010c0cc9, EFLAGS=0x0000000000010246, ERR=0x0000000000000004
  TRAPNO=0x000000000000000e

Top of Stack: (sp=0x000000016e19cdc0)
0x000000016e19cdc0:   00007fff7ebfdbf8 00007ff75c8039b0
0x000000016e19cdd0:   0000000000000000 0000000000000001
0x000000016e19cde0:   000000016e19ce00 00000001010c0e1f
0x000000016e19cdf0:   0000000000000005 00007fff7ebfdbf8
0x000000016e19ce00:   000000016e19ce10 00000001011d5d5e
0x000000016e19ce10:   000000016e19ce30 0000000100fcf09e
0x000000016e19ce20:   00007fff7ebfdbf8 0000000000000005
0x000000016e19ce30:   000000016e19ce60 000000016fbe3d74
0x000000016e19ce40:   0000000100bf7000 0000000000000115
0x000000016e19ce50:   000000016e19d908 000000016e19d000
0x000000016e19ce60:   000000016e19cea0 00007fff9249a480
0x000000016e19ce70:   000000016e19d060 0000000000000000
0x000000016e19ce80:   000000016e19d000 000000000601001f
0x000000016e19ce90:   0000000000000000 0000000002000000
0x000000016e19cea0:   000000016e19cf10 00007fff924939a2
0x000000016e19ceb0:   00007ff75f9fc010 000000016fbe3c16
0x000000016e19cec0:   000000016e19cef0 0000000167c2bef5
0x000000016e19ced0:   0000060000000600 00007ff75f9fc010
0x000000016e19cee0:   00007fff92499029 000000016e19d000
0x000000016e19cef0:   0000000000012a07 000000000601001f
0x000000016e19cf00:   00007ff75f9fc010 000000016fbe3c16
0x000000016e19cf10:   000000016e19cf50 00007fff9249374d
0x000000016e19cf20:   0000000000000000 0000000000000000
0x000000016e19cf30:   0000000000000000 0000000000000000
0x000000016e19cf40:   0000000000000000 0000000000000000
0x000000016e19cf50:   000000016e19cf78 00007fff92480181
0x000000016e19cf60:   0000000000000000 0000000000000000
0x000000016e19cf70:   0000000000000000 0000000000000000
0x000000016e19cf80:   0000000000000000 0000000000000000
0x000000016e19cf90:   0000000000000000 0000000000000000
0x000000016e19cfa0:   0000000000000000 0000000000000000
0x000000016e19cfb0:   0000000000000000 0000000000000000 

Instructions: (pc=0x00000001010c0cc9)
0x00000001010c0ca9:   e5 41 57 41 56 53 48 83 ec 08 48 89 f3 49 89 fe
0x00000001010c0cb9:   4c 89 f7 e8 6f f8 ff ff 85 c0 0f 85 01 01 00 00
0x00000001010c0cc9:   4c 8b bb 58 01 00 00 4c 89 f7 48 89 de e8 27 fd
0x00000001010c0cd9:   ff ff 85 c0 0f 85 e7 00 00 00 41 c7 47 20 00 00 

Register to memory mapping:

RAX=0x0000000000000000 is an unknown value
RBX=0x0000000000000000 is an unknown value
RCX=0x000000010145bb68: _ZN2os16_processor_countE+0 in /Library/Java/JavaVirtualMachines/jdk1.7.0_11.jdk/Contents/Home/jre/lib/server/libjvm.dylib at 0x0000000100d2c000
RDX=0x00007ff75fa9ab01 is an unknown value
RSP=0x000000016e19cdc0 is pointing into the stack for thread: 0x00007ff75e908000
RBP=0x000000016e19cde0 is pointing into the stack for thread: 0x00007ff75e908000
RSI=0x0000000000000000 is an unknown value
RDI=0x00007ff75c8039b0 is an unknown value
R8 =0x00000000000000a0 is an unknown value
R9 =0x0000000000000000 is an unknown value
R10=0x00007ff75eb55400 is an unknown value
R11=0x0000000100fcf07f: jni_DetachCurrentThread+0 in /Library/Java/JavaVirtualMachines/jdk1.7.0_11.jdk/Contents/Home/jre/lib/server/libjvm.dylib at 0x0000000100d2c000
R12=0x00007ff75f9de9a0 is an unknown value
R13=0x00007ff75f9fc010 is an unknown value
R14=0x00007ff75c8039b0 is an unknown value
R15=0x0000000000000001 is an unknown value


Stack: [0x000000016e11d000,0x000000016e19d000],  sp=0x000000016e19cdc0,  free space=511k
Native frames: (J=compiled Java code, j=interpreted, Vv=VM code, C=native code)
V  [libjvm.dylib+0x394cc9]
V  [libjvm.dylib+0x394e1f]
V  [libjvm.dylib+0x4a9d5e]
V  [libjvm.dylib+0x2a309e]
