#
# A fatal error has been detected by the Java Runtime Environment:
#
#  SIGSEGV (0xb) at pc=0x0000000105d17ca5, pid=986, tid=67119
#
# JRE version: 7.0_13-b20
# Java VM: Java HotSpot(TM) 64-Bit Server VM (23.7-b01 mixed mode bsd-amd64 compressed oops)
# Problematic frame:
# V  [libjvm.dylib+0x394ca5]
#
# Failed to write core dump. Core dumps have been disabled. To enable core dumping, try "ulimit -c unlimited" before starting Java again
#
# If you would like to submit a bug report, please visit:
#   http://bugreport.sun.com/bugreport/crash.jsp
#

---------------  T H R E A D  ---------------

Current thread is native thread

siginfo:si_signo=SIGSEGV: si_errno=0, si_code=1 (SEGV_MAPERR), si_addr=0x0000000000000158

Registers:
RAX=0x0000000000000000, RBX=0x0000000000000000, RCX=0x00000001060b2b88, RDX=0x00007f954c84b301
RSP=0x00000001117d8dc0, RBP=0x00000001117d8de0, RSI=0x0000000000000000, RDI=0x00007f954c802820
R8 =0x00000000000000a0, R9 =0x0000000000000000, R10=0x00007f954bdef400, R11=0x0000000105c2604f
R12=0x00007f9550c449a0, R13=0x00007f9550c56370, R14=0x00007f954c802820, R15=0x000000000000011c
RIP=0x0000000105d17ca5, EFLAGS=0x0000000000010246, ERR=0x0000000000000004
  TRAPNO=0x000000000000000e

Top of Stack: (sp=0x00000001117d8dc0)
0x00000001117d8dc0:   0000000000000000 00007f954c802820
0x00000001117d8dd0:   0000000000000000 000000000000011c
