#
# A fatal error has been detected by the Java Runtime Environment:
#
#  SIGSEGV (0xb) at pc=0x0000000102617ca5, pid=1067, tid=54575
#
# JRE version: 7.0_13-b20
# Java VM: Java HotSpot(TM) 64-Bit Server VM (23.7-b01 mixed mode bsd-amd64 compressed oops)
# Problematic frame:
# V  [libjvm.dylib+0x394ca5]
#
# Failed to write core dump. Core dumps have been disabled. To enable core dumping, try "ulimit -c unlimited" before starting Java again
#
# If you would like to submit a bug report, please visit:
#   http://bugreport.sun.com/bugreport/crash.jsp
#

---------------  T H R E A D  ---------------

Current thread is native thread

siginfo:si_signo=SIGSEGV: si_errno=0, si_code=1 (SEGV_MAPERR), si_addr=0x0000000000000158

Registers:
RAX=0x0000000000000000, RBX=0x0000000000000000, RCX=0x00000001029b2b88, RDX=0x00007f8033635201
RSP=0x0000000111a05dc0, RBP=0x0000000111a05de0, RSI=0x0000000000000000, RDI=0x000000010211afe0
R8 =0x00000000000000a0, R9 =0x0000000000000000, R10=0x00007f80390d7c00, R11=0x000000010252604f
R12=0x00007f8038ba53a0, R13=0x00007f80389487f0, R14=0x000000010211afe0, R15=0x000000000000011c
RIP=0x0000000102617ca5, EFLAGS=0x0000000000010246, ERR=0x0000000000000004
  TRAPNO=0x000000000000000e

Top of Stack: (sp=0x0000000111a05dc0)
0x0000000111a05dc0:   0000000000000000 000000010211afe0
0x0000000111a05dd0:   0000000000000000 000000000000011c
0x0000000111a05de0:   0000000111a05e00 0000000102617dfb
0x0000000111a05df0:   0000000000000005 0000000111a06000
0x0000000111a05e00:   0000000111a05e10 000000010272cd3e
0x0000000111a05e10:   0000000111a05e30 000000010252606e
0x0000000111a05e20:   0000000111a06000 0000000000000005
0x0000000111a05e30:   0000000111a05e60 0000000133d93d78
0x0000000111a05e40:   0000000101ffe000 0000000000000004
0x0000000111a05e50:   0000000111a06940 00007fff76b30828
0x0000000111a05e60:   0000000111a05ea0 00007fff8cc0b8cb
0x0000000111a05e70:   0000000111a06060 0000000000000000
0x0000000111a05e80:   0000000000000000 0000000111a06000
0x0000000111a05e90:   0000000111a06000 0000000002000000
0x0000000111a05ea0:   0000000111a05f10 00007fff8cbc6f7c
0x0000000111a05eb0:   00007f80389487f0 0000000133d93c1a
0x0000000111a05ec0:   0000000111a05ef0 000000010b434ef1
0x0000000111a05ed0:   000020608cbc3f80 00007f80389487f0
0x0000000111a05ee0:   00007fff8cbc459f 000000000601001f
0x0000000111a05ef0:   000000000000d52f 0000000111a06000
0x0000000111a05f00:   00007f80389487f0 0000000133d93c1a
0x0000000111a05f10:   0000000111a05f50 00007fff8cbc58ca
0x0000000111a05f20:   0000000000000000 0000000000000000
0x0000000111a05f30:   0000000000000000 0000000000000000
0x0000000111a05f40:   0000000000000000 0000000000000000
0x0000000111a05f50:   0000000111a05f78 00007fff8cbc8b75
0x0000000111a05f60:   0000000000000000 0000000000000000
0x0000000111a05f70:   0000000000000000 0000000000000000
0x0000000111a05f80:   0000000000000000 0000000000000000
0x0000000111a05f90:   0000000000000000 0000000000000000
0x0000000111a05fa0:   0000000000000000 0000000000000000
0x0000000111a05fb0:   0000000000000000 0000000000000000 

Instructions: (pc=0x0000000102617ca5)
0x0000000102617c85:   e5 41 57 41 56 53 48 83 ec 08 48 89 f3 49 89 fe
0x0000000102617c95:   4c 89 f7 e8 6f f8 ff ff 85 c0 0f 85 01 01 00 00
0x0000000102617ca5:   4c 8b bb 58 01 00 00 4c 89 f7 48 89 de e8 27 fd
0x0000000102617cb5:   ff ff 85 c0 0f 85 e7 00 00 00 41 c7 47 20 00 00 

Register to memory mapping:

RAX=0x0000000000000000 is an unknown value
RBX=0x0000000000000000 is an unknown value
RCX=0x00000001029b2b88: _ZN2os16_processor_countE+0 in /Library/Java/JavaVirtualMachines/jdk1.7.0_13.jdk/Contents/Home/jre/lib/server/libjvm.dylib at 0x0000000102283000
RDX=0x00007f8033635201 is an unknown value
RSP=0x0000000111a05dc0 is pointing into the stack for thread: 0x00007f8035b0f800
RBP=0x0000000111a05de0 is pointing into the stack for thread: 0x00007f8035b0f800
RSI=0x0000000000000000 is an unknown value
RDI=0x000000010211afe0 is an unknown value
R8 =0x00000000000000a0 is an unknown value
R9 =0x0000000000000000 is an unknown value
R10=0x00007f80390d7c00 is an unknown value
R11=0x000000010252604f: jni_DetachCurrentThread+0 in /Library/Java/JavaVirtualMachines/jdk1.7.0_13.jdk/Contents/Home/jre/lib/server/libjvm.dylib at 0x0000000102283000
R12=0x00007f8038ba53a0 is an unknown value
R13=0x00007f80389487f0 is an unknown value
R14=0x000000010211afe0 is an unknown value
R15=0x000000000000011c is an unknown value


Stack: [0x0000000111986000,0x0000000111a06000],  sp=0x0000000111a05dc0,  free space=511k
Native frames: (J=compiled Java code, j=interpreted, Vv=VM code, C=native code)
V  [libjvm.dylib+0x394ca5]
V  [libjvm.dylib+0x394dfb]
V  [libjvm.dylib+0x4a9d3e]
V  [libjvm.dylib+0x2a306e]
